[0m13:43:56.809955 [debug] [MainThread]: Sending event: {'category': 'dbt', 'action': 'invocation', 'label': 'start', 'context': [<snowplow_tracker.self_describing_json.SelfDescribingJson object at 0x000001F9B8436EE0>, <snowplow_tracker.self_describing_json.SelfDescribingJson object at 0x000001F9BAED7F70>, <snowplow_tracker.self_describing_json.SelfDescribingJson object at 0x000001F9BAED7F10>]}


============================== 13:43:56.831534 | 732b8768-6026-4889-a765-d1b7541731c1 ==============================
[0m13:43:56.831534 [info ] [MainThread]: Running with dbt=1.8.5
[0m13:43:56.833731 [debug] [MainThread]: running dbt with arguments {'printer_width': '80', 'indirect_selection': 'eager', 'log_cache_events': 'False', 'write_json': 'True', 'partial_parse': 'True', 'cache_selected_only': 'False', 'warn_error': 'None', 'fail_fast': 'False', 'debug': 'False', 'log_path': 'logs', 'version_check': 'True', 'profiles_dir': 'C:\\Users\\ITSOLI\\.dbt', 'use_colors': 'True', 'use_experimental_parser': 'False', 'empty': 'None', 'quiet': 'False', 'no_print': 'None', 'warn_error_options': 'WarnErrorOptions(include=[], exclude=[])', 'introspect': 'True', 'invocation_command': 'dbt init dmesh_poc', 'static_parser': 'True', 'target_path': 'None', 'log_format': 'default', 'send_anonymous_usage_stats': 'True'}
[0m13:43:56.872654 [warn ] [MainThread]: [ConfigFolderDirectory]: Unable to parse dict {'dir': WindowsPath('C:/Users/ITSOLI/.dbt')}
[0m13:43:56.872654 [info ] [MainThread]: Creating dbt configuration folder at 
[0m13:43:56.888281 [debug] [MainThread]: Starter project path: C:\localprojects\venv-dmesh-poc\lib\site-packages\dbt\include\starter_project
[0m13:43:56.936239 [info ] [MainThread]: 
Your new dbt project "dmesh_poc" was created!

For more information on how to configure the profiles.yml file,
please consult the dbt documentation here:

  https://docs.getdbt.com/docs/configure-your-profile

One more thing:

Need help? Don't hesitate to reach out to us via GitHub issues or on Slack:

  https://community.getdbt.com/

Happy modeling!

[0m13:43:56.936239 [info ] [MainThread]: Setting up your profile.
[0m13:47:10.898770 [info ] [MainThread]: Profile dmesh_poc written to C:\Users\ITSOLI\.dbt\profiles.yml using target's profile_template.yml and your supplied values. Run 'dbt debug' to validate the connection.
[0m13:47:10.898770 [debug] [MainThread]: Command `dbt init` succeeded at 13:47:10.898770 after 194.27 seconds
[0m13:47:10.910802 [debug] [MainThread]: Sending event: {'category': 'dbt', 'action': 'invocation', 'label': 'end', 'context': [<snowplow_tracker.self_describing_json.SelfDescribingJson object at 0x000001F9B8436EE0>, <snowplow_tracker.self_describing_json.SelfDescribingJson object at 0x000001F9BAEB8640>, <snowplow_tracker.self_describing_json.SelfDescribingJson object at 0x000001F9BAED02E0>]}
[0m13:47:10.910802 [debug] [MainThread]: Flushing usage events
